<?xml version="1.0" encoding="UTF-8"?>
<!-- Generated by org.testng.reporters.JUnitReportReporter -->
<testsuite hostname="DESKTOP-L0EDU15" failures="0" tests="2" name="Main.mainTestClass" time="31.718" errors="0" timestamp="2025-01-14T22:27:50 BDT" skipped="0">
  <testcase classname="Main.mainTestClass" name="SearchFunctionality" time="10.187"/>
  <testcase classname="Main.mainTestClass" name="AddtoCartandRemove" time="21.531"/>
</testsuite> <!-- Main.mainTestClass -->
