<?xml version="1.0" encoding="UTF-8"?>
<!-- Generated by org.testng.reporters.JUnitReportReporter -->
<testsuite hostname="DESKTOP-L0EDU15" failures="0" tests="2" name="Main.mainTestClass" time="32.551" errors="0" timestamp="2025-01-14T22:39:16 BDT" skipped="0">
  <testcase classname="Main.mainTestClass" name="SearchFunctionality" time="9.775"/>
  <testcase classname="Main.mainTestClass" name="AddtoCartandRemove" time="22.776"/>
</testsuite> <!-- Main.mainTestClass -->
